<?xml version="1.0" encoding="UTF-8"?>
<testsuite xmlns:xsi="http://www.w3.org/2001/XMLSchema-instance" xsi:noNamespaceSchemaLocation="https://maven.apache.org/surefire/maven-surefire-plugin/xsd/surefire-test-report.xsd" name="TestSuite" time="260.714" tests="4" errors="0" skipped="0" failures="0">
  <properties>
[...]
</properties>
  <testcase name="loginTest" classname="com.naukri.qa.testcasses.LoginPageTest" time="26.255"/>
  <testcase name="verifyUserNameTest" classname="com.naukri.qa.testcasses.HomePageTest" time="0.327"/>
  <testcase name="resumeUpdateTest" classname="com.naukri.qa.testcasses.UpdateProfileTest" time="40.741"/>
  <testcase name="psUpdatingTest" classname="com.naukri.qa.testcasses.ProfileSummaryUpdateTest" time="26.928"/>
</testsuite>