<?xml version="1.0" encoding="UTF-8"?>
<!-- Generated by org.testng.reporters.JUnitXMLReporter -->
<testsuite ignored="5" hostname="DESKTOP-K42ITB2" failures="0" tests="4" name="Test" time="257.481" errors="0" timestamp="2022-11-11T18:48:20 IST">
  <testcase classname="com.naukri.qa.testcasses.LoginPageTest" name="loginTest" time="26.25"/>
  <testcase classname="com.naukri.qa.testcasses.HomePageTest" name="verifyUserNameTest" time="0.327"/>
  <testcase classname="com.naukri.qa.testcasses.UpdateProfileTest" name="resumeUpdateTest" time="40.742"/>
  <testcase classname="com.naukri.qa.testcasses.ProfileSummaryUpdateTest" name="psUpdatingTest" time="26.927"/>
  <testcase classname="com.naukri.qa.testcasses.LoginPageTest" name="loginPageTitle" time="0.0">
    <ignored/>
  </testcase> <!-- loginPageTitle -->
  <testcase classname="com.naukri.qa.testcasses.UpdateProfileTest" name="verifyProfilePageTitleTest" time="0.0">
    <ignored/>
  </testcase> <!-- verifyProfilePageTitleTest -->
  <testcase classname="com.naukri.qa.testcasses.ProfileSummaryUpdateTest" name="frameTest" time="0.0">
    <ignored/>
  </testcase> <!-- frameTest -->
  <testcase classname="com.naukri.qa.testcasses.LoginPageTest" name="headerTest" time="0.0">
    <ignored/>
  </testcase> <!-- headerTest -->
  <testcase classname="com.naukri.qa.testcasses.HomePageTest" name="verifyHomePageTitleTest" time="0.0">
    <ignored/>
  </testcase> <!-- verifyHomePageTitleTest -->
</testsuite> <!-- Test -->
