<?xml version="1.0" encoding="UTF-8"?>
<!-- Generated by org.testng.reporters.JUnitXMLReporter -->
<testsuite ignored="2" hostname="DESKTOP-K42ITB2" failures="0" tests="1" name="Test" time="63.777" errors="0" timestamp="2022-11-05T11:57:31 IST">
  <testcase classname="com.naukri.qa.testcasses.LoginPageTest" name="loginTest" time="34.662"/>
  <testcase classname="com.naukri.qa.testcasses.LoginPageTest" name="loginPageTitle" time="0.0">
    <ignored/>
  </testcase> <!-- loginPageTitle -->
  <testcase classname="com.naukri.qa.testcasses.LoginPageTest" name="headerTest" time="0.0">
    <ignored/>
  </testcase> <!-- headerTest -->
</testsuite> <!-- Test -->
