<?xml version="1.0" encoding="UTF-8"?>
<!-- Generated by org.testng.reporters.JUnitXMLReporter -->
<testsuite ignored="1" hostname="DESKTOP-K42ITB2" failures="0" tests="1" name="Default test" time="85.077" errors="0" timestamp="2023-02-24T16:51:53 IST">
  <testcase classname="com.naukri.qa.testcasses.UpdateProfileTest" name="resumeUpdateTest" time="40.607"/>
  <testcase classname="com.naukri.qa.testcasses.UpdateProfileTest" name="verifyProfilePageTitleTest" time="0.0">
    <ignored/>
  </testcase> <!-- verifyProfilePageTitleTest -->
</testsuite> <!-- Default test -->
