<?xml version="1.0" encoding="UTF-8"?>
<!-- Generated by org.testng.reporters.JUnitXMLReporter -->
<testsuite ignored="1" hostname="DESKTOP-K42ITB2" failures="0" tests="1" name="Test(failed)" time="60.289" errors="0" timestamp="2022-10-16T19:31:24 IST">
  <testcase classname="com.naukri.qa.testcasses.HomePageTest" name="verifyUserNameTest" time="0.132"/>
  <testcase classname="com.naukri.qa.testcasses.HomePageTest" name="verifyHomePageTitleTest" time="0.0">
    <ignored/>
  </testcase> <!-- verifyHomePageTitleTest -->
</testsuite> <!-- Test(failed) -->
